{
  "stats": {
    "suites": 1,
    "tests": 2,
    "passes": 0,
    "pending": 0,
    "failures": 2,
    "start": "2021-03-04T05:08:42.091Z",
    "end": "2021-03-04T05:08:54.171Z",
    "duration": 12080,
    "testsRegistered": 2,
    "passPercent": 0,
    "pendingPercent": 0,
    "other": 0,
    "hasOther": false,
    "skipped": 0,
    "hasSkipped": false
  },
  "results": [
    {
      "uuid": "71414d82-9779-4577-ab3d-7181b1acfd15",
      "title": "",
      "fullFile": "cypress\\integration\\login.ts",
      "file": "cypress\\integration\\login.ts",
      "beforeHooks": [],
      "afterHooks": [],
      "tests": [],
      "suites": [
        {
          "uuid": "50e69b68-9302-4e3f-9343-0b1647cc8ec6",
          "title": "All login tests",
          "fullFile": "",
          "file": "",
          "beforeHooks": [],
          "afterHooks": [],
          "tests": [
            {
              "title": "login test - valid credentials",
              "fullTitle": "All login tests login test - valid credentials",
              "timedOut": null,
              "duration": 4862,
              "state": "failed",
              "speed": null,
              "pass": false,
              "fail": true,
              "pending": false,
              "context": "{\n  \"title\": \"Failed screenshot\",\n  \"value\": \"screenshots\\\\login.ts\\\\All login tests -- login test - valid credentials (failed).png\"\n}",
              "code": "//creating the object of LoginPage\nloginPage.loginWithValidCredentials('test', 'test');",
              "err": {
                "message": "AssertionError: Timed out retrying after 4000ms: Expected to find element: `#unam`, but never found it.",
                "estack": "AssertionError: Timed out retrying after 4000ms: Expected to find element: `#unam`, but never found it.\n    at LoginPage../cypress/pages/login_page.ts.LoginPage.loginWithValidCredentials (https://trytestingthis.netlify.app/__cypress/tests?p=cypress\\integration\\login.ts:147:12)\n    at Context.eval (https://trytestingthis.netlify.app/__cypress/tests?p=cypress\\integration\\login.ts:110:19)",
                "diff": null
              },
              "uuid": "61a6f7b4-7875-443b-99e6-01079dd3cec9",
              "parentUUID": "50e69b68-9302-4e3f-9343-0b1647cc8ec6",
              "isHook": false,
              "skipped": false
            },
            {
              "title": "login test - Invalid credentials",
              "fullTitle": "All login tests login test - Invalid credentials",
              "timedOut": null,
              "duration": 4762,
              "state": "failed",
              "speed": null,
              "pass": false,
              "fail": true,
              "pending": false,
              "context": "{\n  \"title\": \"Failed screenshot\",\n  \"value\": \"screenshots\\\\login.ts\\\\All login tests -- login test - Invalid credentials (failed).png\"\n}",
              "code": "loginPage.loginWithInvalidCredentials('abc', '123');\n// loginPage.enterUsername('test')\n// loginPage.enterPassword('test')\n// loginPage.clickLogin()\n// cy.visit('https://trytestingthis.netlify.app/')\n// cy.get('#uname').type('test')\n// cy.get('#pwd').type('test')\n// cy.get('[type=\"submit\"]').click()\n// cy.contains('Login Successful')",
              "err": {
                "message": "AssertionError: Timed out retrying after 4000ms: Expected to find element: `#unam`, but never found it.",
                "estack": "AssertionError: Timed out retrying after 4000ms: Expected to find element: `#unam`, but never found it.\n    at LoginPage../cypress/pages/login_page.ts.LoginPage.loginWithInvalidCredentials (https://trytestingthis.netlify.app/__cypress/tests?p=cypress\\integration\\login.ts:153:12)\n    at Context.eval (https://trytestingthis.netlify.app/__cypress/tests?p=cypress\\integration\\login.ts:113:19)",
                "diff": null
              },
              "uuid": "fecb4255-accc-4f83-99db-d9cd279e7b83",
              "parentUUID": "50e69b68-9302-4e3f-9343-0b1647cc8ec6",
              "isHook": false,
              "skipped": false
            }
          ],
          "suites": [],
          "passes": [],
          "failures": [
            "61a6f7b4-7875-443b-99e6-01079dd3cec9",
            "fecb4255-accc-4f83-99db-d9cd279e7b83"
          ],
          "pending": [],
          "skipped": [],
          "duration": 9624,
          "root": false,
          "rootEmpty": false,
          "_timeout": 2000
        }
      ],
      "passes": [],
      "failures": [],
      "pending": [],
      "skipped": [],
      "duration": 0,
      "root": true,
      "rootEmpty": true,
      "_timeout": 2000
    }
  ],
  "meta": {
    "mocha": {
      "version": "7.0.1"
    },
    "mochawesome": {
      "options": {
        "quiet": false,
        "reportFilename": "mochawesome",
        "saveHtml": false,
        "saveJson": true,
        "consoleReporter": "spec",
        "useInlineDiffs": false,
        "code": true
      },
      "version": "6.2.2"
    },
    "marge": {
      "options": {
        "reportDir": "cypress/results/json",
        "overwrite": false,
        "html": false,
        "json": true
      },
      "version": "5.2.0"
    }
  }
}